<?xml version="1.0" encoding="utf-8"?><testsuites name="pytest tests"><testsuite name="pytest" errors="0" failures="0" skipped="0" tests="29" time="87.873" timestamp="2026-08-16T15:00:14.678625+00:00" hostname="agent-env-9a9c7f1f-cb5d-4b2a-824d-242c464ee293"><testcase classname="tests.backend_test.TestAuthBasics" name="test_admin_login_me" time="0.730" /><testcase classname="tests.backend_test.TestAuthBasics" name="test_login_invalid" time="0.498" /><testcase classname="tests.backend_test.TestFullFlow" name="test_01_teacher_me" time="1.233" /><testcase classname="tests.backend_test.TestAuthBasics" name="test_me_no_token" time="0.130" /><testcase classname="tests.backend_test.TestFullFlow" name="test_02_student_me" time="0.087" /><testcase classname="tests.backend_test.TestFullFlow" name="test_10_teacher_creates_batch" time="0.053" /><testcase classname="tests.backend_test.TestAuthBasics" name="test_invalid_role_registration" time="0.114" /><testcase classname="tests.backend_test.TestFullFlow" name="test_11_list_teacher_batches" time="0.061" /><testcase classname="tests.backend_test.TestFullFlow" name="test_12_student_cannot_create_batch" time="0.056" /><testcase classname="tests.backend_test.TestAuthBasics" name="test_duplicate_registration" time="0.430" /><testcase classname="tests.backend_test.TestFullFlow" name="test_13_student_join_bad_code" time="0.108" /><testcase classname="tests.backend_test.TestFullFlow" name="test_14_student_joins_batch" time="0.365" /><testcase classname="tests.backend_test.TestFullFlow" name="test_20_teacher_creates_note" time="54.592" /><testcase classname="tests.backend_test.TestFullFlow" name="test_21_list_and_get_note" time="0.117" /><testcase classname="tests.backend_test.TestFullFlow" name="test_22_media_serves_image" time="0.354" /><testcase classname="tests.backend_test.TestFullFlow" name="test_23_student_can_view_note" time="0.062" /><testcase classname="tests.backend_test.TestFullFlow" name="test_30_teacher_creates_timed_test" time="16.396" /><testcase classname="tests.backend_test.TestFullFlow" name="test_31_student_sees_test_active" time="0.064" /><testcase classname="tests.backend_test.TestFullFlow" name="test_32_student_get_test_hides_answers" time="0.054" /><testcase classname="tests.backend_test.TestFullFlow" name="test_33_teacher_preview_shows_answers" time="0.062" /><testcase classname="tests.backend_test.TestFullFlow" name="test_34_student_submits_and_gets_review" time="0.127" /><testcase classname="tests.backend_test.TestFullFlow" name="test_35_student_double_submit_blocked" time="0.053" /><testcase classname="tests.backend_test.TestFullFlow" name="test_36_student_get_after_submit_forbidden" time="0.074" /><testcase classname="tests.backend_test.TestFullFlow" name="test_40_teacher_creates_dpp" time="12.454" /><testcase classname="tests.backend_test.TestFullFlow" name="test_41_student_sees_dpp" time="0.065" /><testcase classname="tests.backend_test.TestFullFlow" name="test_42_dpp_is_repeatable" time="0.170" /><testcase classname="tests.backend_test.TestFullFlow" name="test_50_stats_teacher" time="0.061" /><testcase classname="tests.backend_test.TestFullFlow" name="test_51_stats_student" time="0.055" /><testcase classname="tests.backend_test.TestFullFlow" name="test_52_stats_admin" time="0.453" /></testsuite></testsuites>