<?xml version="1.0" encoding="utf-8"?><testsuites name="pytest tests"><testsuite name="pytest" errors="0" failures="0" skipped="0" tests="29" time="116.596" timestamp="2026-08-16T15:33:24.783288+00:00" hostname="agent-env-9a9c7f1f-cb5d-4b2a-824d-242c464ee293"><testcase classname="tests.backend_test.TestAuthBasics" name="test_admin_login_me" time="0.962" /><testcase classname="tests.backend_test.TestFullFlow" name="test_01_teacher_me" time="0.987" /><testcase classname="tests.backend_test.TestAuthBasics" name="test_login_invalid" time="0.335" /><testcase classname="tests.backend_test.TestFullFlow" name="test_02_student_me" time="0.046" /><testcase classname="tests.backend_test.TestFullFlow" name="test_10_teacher_creates_batch" time="0.252" /><testcase classname="tests.backend_test.TestFullFlow" name="test_11_list_teacher_batches" time="0.048" /><testcase classname="tests.backend_test.TestAuthBasics" name="test_me_no_token" time="0.192" /><testcase classname="tests.backend_test.TestFullFlow" name="test_12_student_cannot_create_batch" time="0.046" /><testcase classname="tests.backend_test.TestFullFlow" name="test_13_student_join_bad_code" time="0.046" /><testcase classname="tests.backend_test.TestFullFlow" name="test_14_student_joins_batch" time="0.147" /><testcase classname="tests.backend_test.TestAuthBasics" name="test_invalid_role_registration" time="0.181" /><testcase classname="tests.backend_test.TestFullFlow" name="test_20_teacher_creates_note_async" time="72.077" /><testcase classname="tests.backend_test.TestAuthBasics" name="test_duplicate_registration" time="1.862" /><testcase classname="tests.backend_test.TestFullFlow" name="test_21_list_has_status_field" time="0.102" /><testcase classname="tests.backend_test.TestFullFlow" name="test_22_media_serves_image" time="0.339" /><testcase classname="tests.backend_test.TestFullFlow" name="test_23_student_can_view_note" time="0.048" /><testcase classname="tests.backend_test.TestFullFlow" name="test_30_teacher_creates_timed_test" time="21.607" /><testcase classname="tests.backend_test.TestFullFlow" name="test_31_student_sees_test_active" time="0.052" /><testcase classname="tests.backend_test.TestFullFlow" name="test_32_student_get_test_hides_answers" time="0.048" /><testcase classname="tests.backend_test.TestFullFlow" name="test_33_teacher_preview_shows_answers" time="0.049" /><testcase classname="tests.backend_test.TestFullFlow" name="test_34_student_submits_and_gets_review" time="0.099" /><testcase classname="tests.backend_test.TestFullFlow" name="test_35_student_double_submit_blocked" time="0.052" /><testcase classname="tests.backend_test.TestFullFlow" name="test_36_student_get_after_submit_forbidden" time="0.046" /><testcase classname="tests.backend_test.TestFullFlow" name="test_40_teacher_creates_dpp" time="18.967" /><testcase classname="tests.backend_test.TestFullFlow" name="test_41_student_sees_dpp" time="0.143" /><testcase classname="tests.backend_test.TestFullFlow" name="test_42_dpp_is_repeatable" time="0.139" /><testcase classname="tests.backend_test.TestFullFlow" name="test_50_stats_teacher" time="0.047" /><testcase classname="tests.backend_test.TestFullFlow" name="test_51_stats_student" time="0.048" /><testcase classname="tests.backend_test.TestFullFlow" name="test_52_stats_admin" time="0.463" /></testsuite></testsuites>