<?xml version="1.0" encoding="utf-8"?><testsuites name="pytest tests"><testsuite name="pytest" errors="0" failures="0" skipped="0" tests="12" time="5.032" timestamp="2026-08-16T16:16:17.647036+00:00" hostname="agent-env-9a9c7f1f-cb5d-4b2a-824d-242c464ee293"><testcase classname="tests.test_resources.TestResources" name="test_01_teacher_uploads_image" time="1.569" /><testcase classname="tests.test_resources.TestResources" name="test_02_teacher_uploads_pdf_no_chapter" time="0.390" /><testcase classname="tests.test_resources.TestResources" name="test_03_list_by_teacher_includes_uploads" time="0.119" /><testcase classname="tests.test_resources.TestResources" name="test_04_list_by_student_in_batch_includes_uploads" time="0.140" /><testcase classname="tests.test_resources.TestResources" name="test_05_outsider_sees_empty_or_no_batch_items" time="0.231" /><testcase classname="tests.test_resources.TestResources" name="test_06_download_with_bearer_returns_bytes" time="0.269" /><testcase classname="tests.test_resources.TestResources" name="test_07_download_pdf_with_bearer" time="0.327" /><testcase classname="tests.test_resources.TestResources" name="test_08_download_without_token_401" time="0.152" /><testcase classname="tests.test_resources.TestResources" name="test_09_download_with_query_auth_still_works" time="0.301" /><testcase classname="tests.test_resources.TestResources" name="test_10_outsider_download_forbidden" time="0.140" /><testcase classname="tests.test_resources.TestResources" name="test_11_student_cannot_delete" time="0.149" /><testcase classname="tests.test_resources.TestResources" name="test_12_teacher_can_delete_and_removed_from_list" time="1.162" /></testsuite></testsuites>